<?xml version="1.0" encoding="UTF-8"?>
<!-- Generated by org.testng.reporters.JUnitReportReporter -->
<testsuite hostname="asd-PC" name="com.anupam.testngex.TestCalculator2" tests="2" failures="0" timestamp="2 Oct 2013 12:11:41 GMT" time="0.037" errors="0">
  <testcase name="checkPrefixForFalseTest" time="0.035" classname="com.anupam.testngex.TestCalculator2"/>
  <testcase name="checkPrefixForTrueTest" time="0.002" classname="com.anupam.testngex.TestCalculator2"/>
</testsuite>
