<?xml version="1.0" encoding="UTF-8"?>
<!-- Generated by org.testng.reporters.JUnitReportReporter -->
<testsuite hostname="asd-PC" name="com.anupam.testngex.TestCalculator4" tests="4" failures="0" timestamp="2 Oct 2013 12:38:59 GMT" time="0.014" errors="0">
  <testcase name="pushTest" time="0.002" classname="com.anupam.testngex.TestCalculator4"/>
  <testcase name="pushTest" time="0.001" classname="com.anupam.testngex.TestCalculator4"/>
  <testcase name="pushTest" time="0.009" classname="com.anupam.testngex.TestCalculator4"/>
  <testcase name="pushTest" time="0.002" classname="com.anupam.testngex.TestCalculator4"/>
</testsuite>
